La génération a démarré 11/12/2013 18:25:27.
     1>Projet "C:\Users\PEZ STEPHANE\Desktop\Developpement\Moteur Jeux\Projet\Moteur-de-Jeu---Castle\3DProjectBase\3DProjectBase.vcxproj" sur le nœud 2 (build cible(s)).
     1>InitializeBuildStatus:
         Création de "Debug\3DProjectBase.unsuccessfulbuild", car "AlwaysCreate" a été spécifié.
       ClCompile:
         Toutes les sorties sont à jour.
       ResourceCompile:
         Toutes les sorties sont à jour.
       ManifestResourceCompile:
         Toutes les sorties sont à jour.
       Link:
         Toutes les sorties sont à jour.
       Manifest:
         Toutes les sorties sont à jour.
       FinalizeBuildStatus:
         Suppression du fichier "Debug\3DProjectBase.unsuccessfulbuild".
         Mise à jour de l'horodatage "Debug\3DProjectBase.lastbuildstate".
     1>Génération du projet "C:\Users\PEZ STEPHANE\Desktop\Developpement\Moteur Jeux\Projet\Moteur-de-Jeu---Castle\3DProjectBase\3DProjectBase.vcxproj" terminée (build cible(s)).

La génération a réussi.

Temps écoulé 00:00:00.24
